0 info it worked if it ends with ok
1 verbose cli [ 'D:\\Program Files\\nodejs\\node.exe',
1 verbose cli   'D:\\Program Files\\nodejs\\node_modules\\npm\\bin\\npm-cli.js',
1 verbose cli   'install',
1 verbose cli   'ngCordova' ]
2 info using npm@2.14.2
3 info using node@v4.0.0
4 verbose install initial load of E:\works\yunpan\package.json
5 warn package.json yunpan@1.0.0 No repository field.
6 warn package.json yunpan@1.0.0 No license field.
7 verbose readDependencies loading dependencies from E:\works\yunpan\package.json
8 silly cache add args [ 'ngCordova', null ]
9 verbose cache add spec ngCordova
10 silly cache add parsed spec Result {
10 silly cache add   raw: 'ngCordova',
10 silly cache add   scope: null,
10 silly cache add   name: 'ngCordova',
10 silly cache add   rawSpec: '',
10 silly cache add   spec: '*',
10 silly cache add   type: 'range' }
11 silly addNamed ngCordova@*
12 verbose addNamed "*" is a valid semver range for ngCordova
13 silly addNameRange { name: 'ngCordova', range: '*', hasData: false }
14 silly mapToRegistry name ngCordova
15 silly mapToRegistry using default registry
16 silly mapToRegistry registry https://registry.npmjs.org/
17 silly mapToRegistry uri https://registry.npmjs.org/ngCordova
18 verbose addNameRange registry:https://registry.npmjs.org/ngCordova not in flight; fetching
19 verbose request uri https://registry.npmjs.org/ngCordova
20 verbose request no auth needed
21 info attempt registry request try #1 at 12:07:00
22 verbose request id f9186edeebaa03da
23 http request GET https://registry.npmjs.org/ngCordova
24 http 404 https://registry.npmjs.org/ngCordova
25 verbose headers { 'content-type': 'application/json',
25 verbose headers   'cache-control': 'max-age=0',
25 verbose headers   'content-length': '2',
25 verbose headers   'accept-ranges': 'bytes',
25 verbose headers   date: 'Sun, 08 Nov 2015 04:07:05 GMT',
25 verbose headers   via: '1.1 varnish',
25 verbose headers   age: '0',
25 verbose headers   connection: 'keep-alive',
25 verbose headers   'x-served-by': 'cache-nrt6128-NRT',
25 verbose headers   'x-cache': 'MISS',
25 verbose headers   'x-cache-hits': '0',
25 verbose headers   'x-timer': 'S1446955625.206344,VS0,VE572' }
26 silly get cb [ 404,
26 silly get   { 'content-type': 'application/json',
26 silly get     'cache-control': 'max-age=0',
26 silly get     'content-length': '2',
26 silly get     'accept-ranges': 'bytes',
26 silly get     date: 'Sun, 08 Nov 2015 04:07:05 GMT',
26 silly get     via: '1.1 varnish',
26 silly get     age: '0',
26 silly get     connection: 'keep-alive',
26 silly get     'x-served-by': 'cache-nrt6128-NRT',
26 silly get     'x-cache': 'MISS',
26 silly get     'x-cache-hits': '0',
26 silly get     'x-timer': 'S1446955625.206344,VS0,VE572' } ]
27 verbose stack Error: Registry returned 404 for GET on https://registry.npmjs.org/ngCordova
27 verbose stack     at makeError (D:\Program Files\nodejs\node_modules\npm\node_modules\npm-registry-client\lib\request.js:263:12)
27 verbose stack     at CachingRegistryClient.<anonymous> (D:\Program Files\nodejs\node_modules\npm\node_modules\npm-registry-client\lib\request.js:241:14)
27 verbose stack     at Request._callback (D:\Program Files\nodejs\node_modules\npm\node_modules\npm-registry-client\lib\request.js:171:14)
27 verbose stack     at Request.self.callback (D:\Program Files\nodejs\node_modules\npm\node_modules\request\request.js:198:22)
27 verbose stack     at emitTwo (events.js:87:13)
27 verbose stack     at Request.emit (events.js:172:7)
27 verbose stack     at Request.<anonymous> (D:\Program Files\nodejs\node_modules\npm\node_modules\request\request.js:1073:14)
27 verbose stack     at emitOne (events.js:82:20)
27 verbose stack     at Request.emit (events.js:169:7)
27 verbose stack     at IncomingMessage.<anonymous> (D:\Program Files\nodejs\node_modules\npm\node_modules\request\request.js:1019:12)
28 verbose statusCode 404
29 verbose pkgid ngCordova
30 verbose cwd E:\works\yunpan
31 error Windows_NT 6.1.7601
32 error argv "D:\\Program Files\\nodejs\\node.exe" "D:\\Program Files\\nodejs\\node_modules\\npm\\bin\\npm-cli.js" "install" "ngCordova"
33 error node v4.0.0
34 error npm  v2.14.2
35 error code E404
36 error 404 Registry returned 404 for GET on https://registry.npmjs.org/ngCordova
36 error 404
36 error 404 'ngCordova' is not in the npm registry.
36 error 404 Your package name is not valid, because
36 error 404
36 error 404  1. name can no longer contain capital letters
36 error 404 It was specified as a dependency of 'yunpan'
36 error 404
36 error 404 Note that you can also install from a
36 error 404 tarball, folder, http url, or git url.
37 verbose exit [ 1, true ]
